

============================== 2022-07-05 21:39:40.480927 | 50629f9e-c267-4d21-8b4d-b2d20d196ecf ==============================
21:39:40.480931 [info ] [MainThread]: Running with dbt=1.1.1
21:39:40.481133 [debug] [MainThread]: running dbt with arguments {'write_json': True, 'use_colors': True, 'printer_width': 80, 'version_check': True, 'partial_parse': True, 'static_parser': True, 'profiles_dir': '/Users/teraearlywine/.dbt', 'send_anonymous_usage_stats': True, 'event_buffer_size': 100000, 'quiet': False, 'no_print': False, 'project_name': 'hustle', 'skip_profile_setup': False, 'which': 'init', 'indirect_selection': 'eager'}
21:39:40.481198 [debug] [MainThread]: Tracking: tracking
21:39:40.490584 [debug] [MainThread]: Sending event: {'category': 'dbt', 'action': 'invocation', 'label': 'start', 'context': [<snowplow_tracker.self_describing_json.SelfDescribingJson object at 0x104e64610>, <snowplow_tracker.self_describing_json.SelfDescribingJson object at 0x104e64580>, <snowplow_tracker.self_describing_json.SelfDescribingJson object at 0x104e645b0>]}
21:39:40.491439 [info ] [MainThread]: Creating dbt configuration folder at /Users/teraearlywine/.dbt
21:39:40.492308 [debug] [MainThread]: Starter project path: /opt/homebrew/Cellar/dbt-bigquery/1.1.1/libexec/lib/python3.9/site-packages/dbt/include/starter_project
21:40:59.846780 [info ] [MainThread]: Profile hustle written to /Users/teraearlywine/.dbt/profiles.yml using target's profile_template.yml and your supplied values. Run 'dbt debug' to validate the connection.
21:40:59.847650 [info ] [MainThread]: 
Your new dbt project "hustle" was created!

For more information on how to configure the profiles.yml file,
please consult the dbt documentation here:

  https://docs.getdbt.com/docs/configure-your-profile

One more thing:

Need help? Don't hesitate to reach out to us via GitHub issues or on Slack:

  https://community.getdbt.com/

Happy modeling!

21:40:59.848175 [debug] [MainThread]: Sending event: {'category': 'dbt', 'action': 'invocation', 'label': 'end', 'context': [<snowplow_tracker.self_describing_json.SelfDescribingJson object at 0x104e64130>, <snowplow_tracker.self_describing_json.SelfDescribingJson object at 0x104e64190>, <snowplow_tracker.self_describing_json.SelfDescribingJson object at 0x104e64070>]}


============================== 2022-07-05 21:41:14.335819 | 0b56a90f-8722-4f55-9500-25863c51a116 ==============================
21:41:14.335823 [info ] [MainThread]: Running with dbt=1.1.1
21:41:14.335985 [debug] [MainThread]: running dbt with arguments {'write_json': True, 'use_colors': True, 'printer_width': 80, 'version_check': True, 'partial_parse': True, 'static_parser': True, 'profiles_dir': '/Users/teraearlywine/.dbt', 'send_anonymous_usage_stats': True, 'event_buffer_size': 100000, 'quiet': False, 'no_print': False, 'config_dir': False, 'which': 'debug', 'indirect_selection': 'eager'}
21:41:14.336050 [debug] [MainThread]: Tracking: tracking
21:41:14.342683 [debug] [MainThread]: Sending event: {'category': 'dbt', 'action': 'invocation', 'label': 'start', 'context': [<snowplow_tracker.self_describing_json.SelfDescribingJson object at 0x106ae4fa0>, <snowplow_tracker.self_describing_json.SelfDescribingJson object at 0x106adf940>, <snowplow_tracker.self_describing_json.SelfDescribingJson object at 0x106adf970>]}
21:41:14.477354 [debug] [MainThread]: Executing "git --help"
21:41:14.482464 [debug] [MainThread]: STDOUT: "b"usage: git [-v | --version] [-h | --help] [-C <path>] [-c <name>=<value>]\n           [--exec-path[=<path>]] [--html-path] [--man-path] [--info-path]\n           [-p | --paginate | -P | --no-pager] [--no-replace-objects] [--bare]\n           [--git-dir=<path>] [--work-tree=<path>] [--namespace=<name>]\n           [--super-prefix=<path>] [--config-env=<name>=<envvar>]\n           <command> [<args>]\n\nThese are common Git commands used in various situations:\n\nstart a working area (see also: git help tutorial)\n   clone     Clone a repository into a new directory\n   init      Create an empty Git repository or reinitialize an existing one\n\nwork on the current change (see also: git help everyday)\n   add       Add file contents to the index\n   mv        Move or rename a file, a directory, or a symlink\n   restore   Restore working tree files\n   rm        Remove files from the working tree and from the index\n\nexamine the history and state (see also: git help revisions)\n   bisect    Use binary search to find the commit that introduced a bug\n   diff      Show changes between commits, commit and working tree, etc\n   grep      Print lines matching a pattern\n   log       Show commit logs\n   show      Show various types of objects\n   status    Show the working tree status\n\ngrow, mark and tweak your common history\n   branch    List, create, or delete branches\n   commit    Record changes to the repository\n   merge     Join two or more development histories together\n   rebase    Reapply commits on top of another base tip\n   reset     Reset current HEAD to the specified state\n   switch    Switch branches\n   tag       Create, list, delete or verify a tag object signed with GPG\n\ncollaborate (see also: git help workflows)\n   fetch     Download objects and refs from another repository\n   pull      Fetch from and integrate with another repository or a local branch\n   push      Update remote refs along with associated objects\n\n'git help -a' and 'git help -g' list available subcommands and some\nconcept guides. See 'git help <command>' or 'git help <concept>'\nto read about a specific subcommand or concept.\nSee 'git help git' for an overview of the system.\n""
21:41:14.482917 [debug] [MainThread]: STDERR: "b''"
21:41:14.488014 [debug] [MainThread]: Acquiring new bigquery connection "debug"
21:41:14.488617 [debug] [MainThread]: Opening a new connection, currently in state init
21:41:20.496214 [debug] [MainThread]: BigQuery adapter: Got an error when attempting to create a bigquery client: 'Runtime Error
  
  dbt encountered an error while trying to read your profiles.yml file.
  
  Could not automatically determine credentials. Please set GOOGLE_APPLICATION_CREDENTIALS or explicitly create credentials and re-run the application. For more information, please see https://cloud.google.com/docs/authentication/getting-started
  '
21:41:20.498554 [debug] [MainThread]: Sending event: {'category': 'dbt', 'action': 'invocation', 'label': 'end', 'context': [<snowplow_tracker.self_describing_json.SelfDescribingJson object at 0x110092910>, <snowplow_tracker.self_describing_json.SelfDescribingJson object at 0x110092fd0>, <snowplow_tracker.self_describing_json.SelfDescribingJson object at 0x110092340>]}
21:41:20.960566 [debug] [MainThread]: Connection 'debug' was properly closed.
